<?xml version="1.0" encoding="UTF-8"?>
<robot generator="Robot 7.2 (Python 3.13.1 on win32)" generated="2025-01-28T23:32:20.634307" rpa="false" schemaversion="5">
<suite id="s1" name="TC 001 Start Close Browser" source="D:\Learning\Projects\Automation\RobotFrameworkSelenium\testCases\TC_001_Start_Close_Browser.robot">
<test id="s1-t1" name="TC_OO1_BROWSER_START_AND_CLOSE" line="9">
<kw name="Open Browser" owner="SeleniumLibrary">
<msg time="2025-01-28T23:32:21.003234" level="INFO">Opening browser 'Firefox' to base url 'https://www.google.com'.</msg>
<arg>${URL}</arg>
<arg>${Browser}</arg>
<doc>Opens a new browser instance to the optional ``url``.</doc>
<status status="PASS" start="2025-01-28T23:32:21.002768" elapsed="13.413063"/>
</kw>
<kw name="Close Browser" owner="SeleniumLibrary">
<doc>Closes the current browser.</doc>
<status status="PASS" start="2025-01-28T23:32:34.416736" elapsed="3.387052"/>
</kw>
<status status="PASS" start="2025-01-28T23:32:21.000873" elapsed="16.803788"/>
</test>
<status status="PASS" start="2025-01-28T23:32:20.636702" elapsed="17.169462"/>
</suite>
<statistics>
<total>
<stat pass="1" fail="0" skip="0">All Tests</stat>
</total>
<tag>
</tag>
<suite>
<stat name="TC 001 Start Close Browser" id="s1" pass="1" fail="0" skip="0">TC 001 Start Close Browser</stat>
</suite>
</statistics>
<errors>
</errors>
</robot>
